<?xml version="1.0" encoding="UTF-8"?>
<!-- Generated by org.testng.reporters.JUnitReportReporter -->
<testsuite hostname="tangqiliangdeMacBook-Pro.local" name="com.bdtt.rest.login.LoginTest" tests="1" failures="0" timestamp="2 Aug 2017 06:30:47 GMT" time="1.016" errors="0">
  <testcase name="loginTest" time="1.016" classname="com.bdtt.rest.login.LoginTest"/>
</testsuite> <!-- com.bdtt.rest.login.LoginTest -->
