<?xml version="1.0" encoding="UTF-8"?>
<!-- Generated by org.testng.reporters.JUnitReportReporter -->
<testsuite hostname="tangqiliangdeMacBook-Pro.local" name="com.bdtt.rest.app.circle.UnAdmireTest" tests="1" failures="0" timestamp="10 Aug 2017 12:59:41 GMT" time="0.036" errors="0">
  <testcase name="loginTest" time="0.036" classname="com.bdtt.rest.app.circle.UnAdmireTest"/>
</testsuite> <!-- com.bdtt.rest.app.circle.UnAdmireTest -->
