<?xml version="1.0" encoding="UTF-8"?>
<!-- Generated by org.testng.reporters.JUnitReportReporter -->
<testsuite hostname="tangqiliangdeMacBook-Pro.local" name="com.bdtt.rest.app.promotion.GetHotNewsTest" tests="3" failures="0" timestamp="10 Aug 2017 03:18:07 GMT" time="0.392" errors="0">
  <testcase name="loginTest" time="0.044" classname="com.bdtt.rest.app.promotion.GetHotNewsTest"/>
  <testcase name="loginTest" time="0.036" classname="com.bdtt.rest.app.promotion.GetHotNewsTest"/>
  <testcase name="loginTest" time="0.312" classname="com.bdtt.rest.app.promotion.GetHotNewsTest"/>
</testsuite> <!-- com.bdtt.rest.app.promotion.GetHotNewsTest -->
