<?xml version="1.0" encoding="UTF-8"?>
<!-- Generated by org.testng.reporters.JUnitReportReporter -->
<testsuite hostname="tangqiliangdeMacBook-Pro.local" name="com.bdtt.rest.app.account.LoginTest" tests="1" failures="0" timestamp="10 Aug 2017 08:42:32 GMT" time="0.443" errors="0">
  <testcase name="loginTest" time="0.443" classname="com.bdtt.rest.app.account.LoginTest"/>
</testsuite> <!-- com.bdtt.rest.app.account.LoginTest -->
