<?xml version="1.0" encoding="UTF-8"?>
<!-- Generated by org.testng.reporters.JUnitReportReporter -->
<testsuite hostname="tangqiliangdeMacBook-Pro.local" name="com.bdtt.rest.app.circle.GetCircleChannelTest" tests="1" failures="0" timestamp="10 Aug 2017 03:17:41 GMT" time="0.307" errors="0">
  <testcase name="loginTest" time="0.307" classname="com.bdtt.rest.app.circle.GetCircleChannelTest"/>
</testsuite> <!-- com.bdtt.rest.app.circle.GetCircleChannelTest -->
