<?xml version="1.0" encoding="UTF-8"?>
<!-- Generated by org.testng.reporters.JUnitReportReporter -->
<testsuite hostname="tangqiliangdeMacBook-Pro.local" name="com.bdtt.rest.app.circle.GetFeedByChannelTest" tests="1" failures="0" timestamp="10 Aug 2017 03:17:53 GMT" time="0.361" errors="0">
  <testcase name="loginTest" time="0.361" classname="com.bdtt.rest.app.circle.GetFeedByChannelTest"/>
</testsuite> <!-- com.bdtt.rest.app.circle.GetFeedByChannelTest -->
