<?xml version="1.0" encoding="UTF-8"?>
<!-- Generated by org.testng.reporters.JUnitReportReporter -->
<testsuite hostname="tangqiliangdeMacBook-Pro.local" name="com.bdtt.rest.app.account.RegisterTest" tests="1" failures="0" timestamp="9 Aug 2017 07:33:00 GMT" time="0.449" errors="0">
  <testcase name="loginTest" time="0.449" classname="com.bdtt.rest.app.account.RegisterTest"/>
</testsuite> <!-- com.bdtt.rest.app.account.RegisterTest -->
