<?xml version="1.0" encoding="UTF-8"?>
<!-- Generated by org.testng.reporters.JUnitReportReporter -->
<testsuite hostname="tangqiliangdeMacBook-Pro.local" name="com.bdtt.rest.app.circle.GetPublishWayTest" tests="3" failures="0" timestamp="10 Aug 2017 03:17:59 GMT" time="0.360" errors="0">
  <testcase name="loginTest" time="0.034" classname="com.bdtt.rest.app.circle.GetPublishWayTest"/>
  <testcase name="loginTest" time="0.043" classname="com.bdtt.rest.app.circle.GetPublishWayTest"/>
  <testcase name="loginTest" time="0.283" classname="com.bdtt.rest.app.circle.GetPublishWayTest"/>
</testsuite> <!-- com.bdtt.rest.app.circle.GetPublishWayTest -->
