<?xml version="1.0" encoding="UTF-8"?>
<!-- Generated by org.testng.reporters.JUnitReportReporter -->
<testsuite hostname="tangqiliangdeMacBook-Pro.local" name="com.bdtt.rest.app.circle.AdmireTest" tests="2" failures="0" timestamp="10 Aug 2017 12:58:49 GMT" time="0.075" errors="0">
  <testcase name="loginTest" time="0.035" classname="com.bdtt.rest.app.circle.AdmireTest"/>
  <testcase name="loginTest" time="0.040" classname="com.bdtt.rest.app.circle.AdmireTest"/>
</testsuite> <!-- com.bdtt.rest.app.circle.AdmireTest -->
